{"/Users/manuelduran/Desktop/Projects/seent/client/actions/hookactions.js": {"path":"/Users/manuelduran/Desktop/Projects/seent/client/actions/hookactions.js","statementMap":{"0":{"start":{"line":4,"column":23},"end":{"line":7,"column":1}},"1":{"start":{"line":5,"column":19},"end":{"line":5,"column":47}},"2":{"start":{"line":6,"column":2},"end":{"line":6,"column":40}}},"fnMap":{"0":{"name":"(anonymous_0)","decl":{"start":{"line":4,"column":23},"end":{"line":4,"column":24}},"loc":{"start":{"line":4,"column":49},"end":{"line":7,"column":1}},"line":4}},"branchMap":{},"s":{"0":3,"1":1,"2":1},"f":{"0":1},"b":{},"_coverageSchema":"43e27e138ebf9cfc5966b082cf9a028302ed4184","hash":"743e2fabb499b1c11f8e75b4f64fdf8fd1b42735"}
,"/Users/manuelduran/Desktop/Projects/seent/client/components/App.jsx": {"path":"/Users/manuelduran/Desktop/Projects/seent/client/components/App.jsx","statementMap":{"0":{"start":{"line":14,"column":12},"end":{"line":38,"column":1}},"1":{"start":{"line":15,"column":2},"end":{"line":36,"column":4}},"2":{"start":{"line":41,"column":2},"end":{"line":46,"column":4}},"3":{"start":{"line":50,"column":2},"end":{"line":54,"column":3}}},"fnMap":{"0":{"name":"(anonymous_0)","decl":{"start":{"line":14,"column":12},"end":{"line":14,"column":13}},"loc":{"start":{"line":14,"column":18},"end":{"line":38,"column":1}},"line":14},"1":{"name":"getHomeText","decl":{"start":{"line":40,"column":9},"end":{"line":40,"column":20}},"loc":{"start":{"line":40,"column":23},"end":{"line":47,"column":1}},"line":40},"2":{"name":"getSubmitText","decl":{"start":{"line":49,"column":9},"end":{"line":49,"column":22}},"loc":{"start":{"line":49,"column":25},"end":{"line":55,"column":1}},"line":49}},"branchMap":{},"s":{"0":1,"1":5,"2":5,"3":5},"f":{"0":5,"1":5,"2":5},"b":{},"_coverageSchema":"43e27e138ebf9cfc5966b082cf9a028302ed4184","hash":"17af61876d6efbc2176a17e590d3732ae192b057"}
,"/Users/manuelduran/Desktop/Projects/seent/client/components/Feed.jsx": {"path":"/Users/manuelduran/Desktop/Projects/seent/client/components/Feed.jsx","statementMap":{"0":{"start":{"line":7,"column":13},"end":{"line":28,"column":1}},"1":{"start":{"line":8,"column":28},"end":{"line":8,"column":48}},"2":{"start":{"line":9,"column":26},"end":{"line":9,"column":47}},"3":{"start":{"line":11,"column":21},"end":{"line":13,"column":3}},"4":{"start":{"line":12,"column":4},"end":{"line":12,"column":40}},"5":{"start":{"line":15,"column":2},"end":{"line":15,"column":46}},"6":{"start":{"line":15,"column":26},"end":{"line":15,"column":38}},"7":{"start":{"line":18,"column":2},"end":{"line":27,"column":3}},"8":{"start":{"line":23,"column":10},"end":{"line":23,"column":113}}},"fnMap":{"0":{"name":"(anonymous_0)","decl":{"start":{"line":7,"column":13},"end":{"line":7,"column":14}},"loc":{"start":{"line":7,"column":19},"end":{"line":28,"column":1}},"line":7},"1":{"name":"(anonymous_1)","decl":{"start":{"line":11,"column":21},"end":{"line":11,"column":22}},"loc":{"start":{"line":11,"column":27},"end":{"line":13,"column":3}},"line":11},"2":{"name":"(anonymous_2)","decl":{"start":{"line":15,"column":18},"end":{"line":15,"column":19}},"loc":{"start":{"line":15,"column":24},"end":{"line":15,"column":40}},"line":15},"3":{"name":"(anonymous_3)","decl":{"start":{"line":22,"column":20},"end":{"line":22,"column":21}},"loc":{"start":{"line":22,"column":30},"end":{"line":24,"column":9}},"line":22}},"branchMap":{"0":{"loc":{"start":{"line":20,"column":7},"end":{"line":25,"column":11}},"type":"cond-expr","locations":[{"start":{"line":20,"column":16},"end":{"line":20,"column":57}},{"start":{"line":21,"column":6},"end":{"line":25,"column":11}}],"line":20}},"s":{"0":2,"1":6,"2":6,"3":6,"4":2,"5":6,"6":2,"7":6,"8":0},"f":{"0":6,"1":2,"2":2,"3":0},"b":{"0":[2,4]},"_coverageSchema":"43e27e138ebf9cfc5966b082cf9a028302ed4184","hash":"660ed1cca102ad224895f3372b6c4ef272bf7f95"}
,"/Users/manuelduran/Desktop/Projects/seent/client/components/Footer.jsx": {"path":"/Users/manuelduran/Desktop/Projects/seent/client/components/Footer.jsx","statementMap":{"0":{"start":{"line":3,"column":15},"end":{"line":10,"column":1}},"1":{"start":{"line":4,"column":2},"end":{"line":9,"column":3}}},"fnMap":{"0":{"name":"(anonymous_0)","decl":{"start":{"line":3,"column":15},"end":{"line":3,"column":16}},"loc":{"start":{"line":3,"column":21},"end":{"line":10,"column":1}},"line":3}},"branchMap":{},"s":{"0":2,"1":1},"f":{"0":1},"b":{},"_coverageSchema":"43e27e138ebf9cfc5966b082cf9a028302ed4184","hash":"b706e8e800a7e14f80d0f0057a5217111c8b3bff"}
,"/Users/manuelduran/Desktop/Projects/seent/client/components/Login.jsx": {"path":"/Users/manuelduran/Desktop/Projects/seent/client/components/Login.jsx","statementMap":{"0":{"start":{"line":3,"column":14},"end":{"line":9,"column":1}},"1":{"start":{"line":4,"column":2},"end":{"line":8,"column":3}}},"fnMap":{"0":{"name":"(anonymous_0)","decl":{"start":{"line":3,"column":14},"end":{"line":3,"column":15}},"loc":{"start":{"line":3,"column":20},"end":{"line":9,"column":1}},"line":3}},"branchMap":{},"s":{"0":2,"1":1},"f":{"0":1},"b":{},"_coverageSchema":"43e27e138ebf9cfc5966b082cf9a028302ed4184","hash":"7e619d479fea60b76d344d2afb16714e048eb00a"}
,"/Users/manuelduran/Desktop/Projects/seent/client/components/Post.jsx": {"path":"/Users/manuelduran/Desktop/Projects/seent/client/components/Post.jsx","statementMap":{"0":{"start":{"line":5,"column":13},"end":{"line":12,"column":1}},"1":{"start":{"line":6,"column":2},"end":{"line":11,"column":3}},"2":{"start":{"line":14,"column":0},"end":{"line":18,"column":1}}},"fnMap":{"0":{"name":"(anonymous_0)","decl":{"start":{"line":5,"column":13},"end":{"line":5,"column":14}},"loc":{"start":{"line":5,"column":38},"end":{"line":12,"column":1}},"line":5}},"branchMap":{},"s":{"0":3,"1":2,"2":3},"f":{"0":2},"b":{},"_coverageSchema":"43e27e138ebf9cfc5966b082cf9a028302ed4184","hash":"fb0603c2db87c3ac9638bb0850bf380e382c9db3"}
,"/Users/manuelduran/Desktop/Projects/seent/client/components/Spinner.jsx": {"path":"/Users/manuelduran/Desktop/Projects/seent/client/components/Spinner.jsx","statementMap":{"0":{"start":{"line":3,"column":16},"end":{"line":9,"column":1}},"1":{"start":{"line":4,"column":2},"end":{"line":8,"column":4}}},"fnMap":{"0":{"name":"(anonymous_0)","decl":{"start":{"line":3,"column":16},"end":{"line":3,"column":17}},"loc":{"start":{"line":3,"column":22},"end":{"line":9,"column":1}},"line":3}},"branchMap":{},"s":{"0":3,"1":1},"f":{"0":1},"b":{},"_coverageSchema":"43e27e138ebf9cfc5966b082cf9a028302ed4184","hash":"d3702b33ab9dc632e8b1deffafcca14ef170226a"}
,"/Users/manuelduran/Desktop/Projects/seent/client/components/Submit.jsx": {"path":"/Users/manuelduran/Desktop/Projects/seent/client/components/Submit.jsx","statementMap":{"0":{"start":{"line":6,"column":15},"end":{"line":22,"column":1}},"1":{"start":{"line":7,"column":28},"end":{"line":7,"column":40}},"2":{"start":{"line":9,"column":22},"end":{"line":11,"column":3}},"3":{"start":{"line":10,"column":4},"end":{"line":10,"column":39}},"4":{"start":{"line":13,"column":24},"end":{"line":15,"column":3}},"5":{"start":{"line":14,"column":4},"end":{"line":14,"column":20}},"6":{"start":{"line":17,"column":2},"end":{"line":21,"column":3}}},"fnMap":{"0":{"name":"(anonymous_0)","decl":{"start":{"line":6,"column":15},"end":{"line":6,"column":16}},"loc":{"start":{"line":6,"column":21},"end":{"line":22,"column":1}},"line":6},"1":{"name":"(anonymous_1)","decl":{"start":{"line":9,"column":22},"end":{"line":9,"column":23}},"loc":{"start":{"line":9,"column":29},"end":{"line":11,"column":3}},"line":9},"2":{"name":"(anonymous_2)","decl":{"start":{"line":13,"column":24},"end":{"line":13,"column":25}},"loc":{"start":{"line":13,"column":35},"end":{"line":15,"column":3}},"line":13}},"branchMap":{},"s":{"0":1,"1":0,"2":0,"3":0,"4":0,"5":0,"6":0},"f":{"0":0,"1":0,"2":0},"b":{},"_coverageSchema":"43e27e138ebf9cfc5966b082cf9a028302ed4184","hash":"924a8110246654ef0374bb4746d652d420d4ded4"}
,"/Users/manuelduran/Desktop/Projects/seent/client/components/Vote.jsx": {"path":"/Users/manuelduran/Desktop/Projects/seent/client/components/Vote.jsx","statementMap":{"0":{"start":{"line":5,"column":13},"end":{"line":28,"column":1}},"1":{"start":{"line":6,"column":32},"end":{"line":6,"column":57}},"2":{"start":{"line":9,"column":23},"end":{"line":13,"column":5}},"3":{"start":{"line":10,"column":22},"end":{"line":10,"column":36}},"4":{"start":{"line":11,"column":6},"end":{"line":11,"column":28}},"5":{"start":{"line":12,"column":6},"end":{"line":12,"column":51}},"6":{"start":{"line":14,"column":4},"end":{"line":14,"column":20}},"7":{"start":{"line":17,"column":2},"end":{"line":27,"column":3}},"8":{"start":{"line":19,"column":89},"end":{"line":19,"column":103}},"9":{"start":{"line":23,"column":91},"end":{"line":23,"column":106}},"10":{"start":{"line":30,"column":0},"end":{"line":33,"column":1}}},"fnMap":{"0":{"name":"(anonymous_0)","decl":{"start":{"line":5,"column":13},"end":{"line":5,"column":14}},"loc":{"start":{"line":5,"column":32},"end":{"line":28,"column":1}},"line":5},"1":{"name":"voteHandler","decl":{"start":{"line":8,"column":11},"end":{"line":8,"column":22}},"loc":{"start":{"line":8,"column":29},"end":{"line":15,"column":3}},"line":8},"2":{"name":"(anonymous_2)","decl":{"start":{"line":9,"column":23},"end":{"line":9,"column":24}},"loc":{"start":{"line":9,"column":31},"end":{"line":13,"column":5}},"line":9},"3":{"name":"(anonymous_3)","decl":{"start":{"line":19,"column":84},"end":{"line":19,"column":85}},"loc":{"start":{"line":19,"column":89},"end":{"line":19,"column":103}},"line":19},"4":{"name":"(anonymous_4)","decl":{"start":{"line":23,"column":86},"end":{"line":23,"column":87}},"loc":{"start":{"line":23,"column":91},"end":{"line":23,"column":106}},"line":23}},"branchMap":{"0":{"loc":{"start":{"line":6,"column":47},"end":{"line":6,"column":56}},"type":"binary-expr","locations":[{"start":{"line":6,"column":47},"end":{"line":6,"column":51}},{"start":{"line":6,"column":55},"end":{"line":6,"column":56}}],"line":6}},"s":{"0":4,"1":9,"2":2,"3":2,"4":2,"5":2,"6":2,"7":9,"8":1,"9":1,"10":4},"f":{"0":9,"1":2,"2":2,"3":1,"4":1},"b":{"0":[9,9]},"_coverageSchema":"43e27e138ebf9cfc5966b082cf9a028302ed4184","hash":"8a6d1f963960efa3edb116dfa7ae8a11736c8b2e"}
,"/Users/manuelduran/Desktop/Projects/seent/client/forms/TextArea.jsx": {"path":"/Users/manuelduran/Desktop/Projects/seent/client/forms/TextArea.jsx","statementMap":{"0":{"start":{"line":3,"column":17},"end":{"line":17,"column":1}},"1":{"start":{"line":4,"column":2},"end":{"line":16,"column":3}},"2":{"start":{"line":7,"column":35},"end":{"line":7,"column":64}},"3":{"start":{"line":12,"column":53},"end":{"line":12,"column":67}}},"fnMap":{"0":{"name":"(anonymous_0)","decl":{"start":{"line":3,"column":17},"end":{"line":3,"column":18}},"loc":{"start":{"line":3,"column":53},"end":{"line":17,"column":1}},"line":3},"1":{"name":"(anonymous_1)","decl":{"start":{"line":7,"column":28},"end":{"line":7,"column":29}},"loc":{"start":{"line":7,"column":35},"end":{"line":7,"column":64}},"line":7},"2":{"name":"(anonymous_2)","decl":{"start":{"line":12,"column":46},"end":{"line":12,"column":47}},"loc":{"start":{"line":12,"column":53},"end":{"line":12,"column":67}},"line":12}},"branchMap":{},"s":{"0":1,"1":0,"2":0,"3":0},"f":{"0":0,"1":0,"2":0},"b":{},"_coverageSchema":"43e27e138ebf9cfc5966b082cf9a028302ed4184","hash":"6c5be40b20f20294d1dae7b1810b6f971d494bdb"}
,"/Users/manuelduran/Desktop/Projects/seent/client/helpers/index.js": {"path":"/Users/manuelduran/Desktop/Projects/seent/client/helpers/index.js","statementMap":{"0":{"start":{"line":1,"column":22},"end":{"line":12,"column":1}},"1":{"start":{"line":2,"column":2},"end":{"line":11,"column":3}},"2":{"start":{"line":3,"column":2},"end":{"line":11,"column":3}},"3":{"start":{"line":5,"column":6},"end":{"line":7,"column":8}},"4":{"start":{"line":6,"column":8},"end":{"line":6,"column":31}},"5":{"start":{"line":8,"column":6},"end":{"line":8,"column":19}},"6":{"start":{"line":10,"column":6},"end":{"line":10,"column":19}}},"fnMap":{"0":{"name":"(anonymous_0)","decl":{"start":{"line":1,"column":22},"end":{"line":1,"column":23}},"loc":{"start":{"line":1,"column":41},"end":{"line":12,"column":1}},"line":1},"1":{"name":"(anonymous_1)","decl":{"start":{"line":5,"column":25},"end":{"line":5,"column":26}},"loc":{"start":{"line":5,"column":35},"end":{"line":7,"column":7}},"line":5}},"branchMap":{"0":{"loc":{"start":{"line":2,"column":2},"end":{"line":11,"column":3}},"type":"if","locations":[{"start":{"line":2,"column":2},"end":{"line":11,"column":3}},{"start":{"line":2,"column":2},"end":{"line":11,"column":3}}],"line":2},"1":{"loc":{"start":{"line":3,"column":2},"end":{"line":11,"column":3}},"type":"switch","locations":[{"start":{"line":4,"column":4},"end":{"line":8,"column":19}},{"start":{"line":9,"column":4},"end":{"line":10,"column":19}}],"line":3}},"s":{"0":3,"1":1,"2":1,"3":0,"4":0,"5":0,"6":1},"f":{"0":1,"1":0},"b":{"0":[1,0],"1":[0,1]},"_coverageSchema":"43e27e138ebf9cfc5966b082cf9a028302ed4184","hash":"c9f407ad0e921712f08e44931b49c0fd80e6cb91"}
,"/Users/manuelduran/Desktop/Projects/seent/utils/testUtils.js": {"path":"/Users/manuelduran/Desktop/Projects/seent/utils/testUtils.js","statementMap":{"0":{"start":{"line":11,"column":30},"end":{"line":13,"column":1}},"1":{"start":{"line":12,"column":2},"end":{"line":12,"column":45}},"2":{"start":{"line":15,"column":26},"end":{"line":23,"column":1}},"3":{"start":{"line":16,"column":20},"end":{"line":21,"column":5}},"4":{"start":{"line":22,"column":4},"end":{"line":22,"column":38}}},"fnMap":{"0":{"name":"(anonymous_0)","decl":{"start":{"line":11,"column":30},"end":{"line":11,"column":31}},"loc":{"start":{"line":11,"column":48},"end":{"line":13,"column":1}},"line":11},"1":{"name":"(anonymous_1)","decl":{"start":{"line":15,"column":26},"end":{"line":15,"column":27}},"loc":{"start":{"line":15,"column":58},"end":{"line":23,"column":1}},"line":15}},"branchMap":{},"s":{"0":7,"1":22,"2":7,"3":2,"4":2},"f":{"0":22,"1":2},"b":{},"_coverageSchema":"43e27e138ebf9cfc5966b082cf9a028302ed4184","hash":"7c59ff8af3342225685ee19766ccc5270d264537"}
}
