TN:
SF:/Users/manuelduran/Desktop/Projects/seent/client/actions/hookactions.js
FN:4,(anonymous_0)
FNF:1
FNH:1
FNDA:1,(anonymous_0)
DA:4,3
DA:5,1
DA:6,1
LF:3
LH:3
BRF:0
BRH:0
end_of_record
TN:
SF:/Users/manuelduran/Desktop/Projects/seent/client/components/App.jsx
FN:14,(anonymous_0)
FN:40,getHomeText
FN:49,getSubmitText
FNF:3
FNH:3
FNDA:5,(anonymous_0)
FNDA:5,getHomeText
FNDA:5,getSubmitText
DA:14,1
DA:15,5
DA:41,5
DA:50,5
LF:4
LH:4
BRF:0
BRH:0
end_of_record
TN:
SF:/Users/manuelduran/Desktop/Projects/seent/client/components/Feed.jsx
FN:7,(anonymous_0)
FN:11,(anonymous_1)
FN:15,(anonymous_2)
FN:22,(anonymous_3)
FNF:4
FNH:3
FNDA:6,(anonymous_0)
FNDA:2,(anonymous_1)
FNDA:2,(anonymous_2)
FNDA:0,(anonymous_3)
DA:7,2
DA:8,6
DA:9,6
DA:11,6
DA:12,2
DA:15,6
DA:18,6
DA:23,0
LF:8
LH:7
BRDA:20,0,0,2
BRDA:20,0,1,4
BRF:2
BRH:2
end_of_record
TN:
SF:/Users/manuelduran/Desktop/Projects/seent/client/components/Footer.jsx
FN:3,(anonymous_0)
FNF:1
FNH:1
FNDA:1,(anonymous_0)
DA:3,2
DA:4,1
LF:2
LH:2
BRF:0
BRH:0
end_of_record
TN:
SF:/Users/manuelduran/Desktop/Projects/seent/client/components/Login.jsx
FN:3,(anonymous_0)
FNF:1
FNH:1
FNDA:1,(anonymous_0)
DA:3,2
DA:4,1
LF:2
LH:2
BRF:0
BRH:0
end_of_record
TN:
SF:/Users/manuelduran/Desktop/Projects/seent/client/components/Post.jsx
FN:5,(anonymous_0)
FNF:1
FNH:1
FNDA:2,(anonymous_0)
DA:5,3
DA:6,2
DA:14,3
LF:3
LH:3
BRF:0
BRH:0
end_of_record
TN:
SF:/Users/manuelduran/Desktop/Projects/seent/client/components/Spinner.jsx
FN:3,(anonymous_0)
FNF:1
FNH:1
FNDA:1,(anonymous_0)
DA:3,3
DA:4,1
LF:2
LH:2
BRF:0
BRH:0
end_of_record
TN:
SF:/Users/manuelduran/Desktop/Projects/seent/client/components/Submit.jsx
FN:6,(anonymous_0)
FNF:1
FNH:1
FNDA:2,(anonymous_0)
DA:6,2
DA:7,2
LF:2
LH:2
BRF:0
BRH:0
end_of_record
TN:
SF:/Users/manuelduran/Desktop/Projects/seent/client/components/Vote.jsx
FN:5,(anonymous_0)
FN:8,voteHandler
FN:9,(anonymous_2)
FN:19,(anonymous_3)
FN:23,(anonymous_4)
FNF:5
FNH:5
FNDA:9,(anonymous_0)
FNDA:2,voteHandler
FNDA:2,(anonymous_2)
FNDA:1,(anonymous_3)
FNDA:1,(anonymous_4)
DA:5,4
DA:6,9
DA:9,2
DA:10,2
DA:11,2
DA:12,2
DA:14,2
DA:17,9
DA:19,1
DA:23,1
DA:30,4
LF:11
LH:11
BRDA:6,0,0,9
BRDA:6,0,1,9
BRF:2
BRH:2
end_of_record
TN:
SF:/Users/manuelduran/Desktop/Projects/seent/client/forms/TextArea.jsx
FN:3,(anonymous_0)
FN:7,(anonymous_1)
FN:11,(anonymous_2)
FN:18,(anonymous_3)
FN:23,(anonymous_4)
FNF:5
FNH:3
FNDA:7,(anonymous_0)
FNDA:0,(anonymous_1)
FNDA:1,(anonymous_2)
FNDA:1,(anonymous_3)
FNDA:0,(anonymous_4)
DA:3,3
DA:5,7
DA:7,7
DA:8,0
DA:11,7
DA:12,1
DA:15,7
DA:18,1
DA:23,0
LF:9
LH:7
BRF:0
BRH:0
end_of_record
TN:
SF:/Users/manuelduran/Desktop/Projects/seent/client/helpers/index.js
FN:1,(anonymous_0)
FN:5,(anonymous_1)
FNF:2
FNH:2
FNDA:3,(anonymous_0)
FNDA:2,(anonymous_1)
DA:1,4
DA:2,3
DA:3,3
DA:5,1
DA:6,2
DA:8,1
DA:10,2
LF:7
LH:7
BRDA:2,0,0,3
BRDA:2,0,1,0
BRDA:3,1,0,1
BRDA:3,1,1,2
BRF:4
BRH:3
end_of_record
TN:
SF:/Users/manuelduran/Desktop/Projects/seent/utils/testUtils.js
FN:11,(anonymous_0)
FN:15,(anonymous_1)
FNF:2
FNH:2
FNDA:29,(anonymous_0)
FNDA:2,(anonymous_1)
DA:11,9
DA:12,29
DA:15,9
DA:16,2
DA:22,2
LF:5
LH:5
BRF:0
BRH:0
end_of_record
